Flow report for VGA
Tue May  6 18:45:18 2025
Quartus Prime Version 22.1std.2 Build 922 07/20/2023 SC Lite Edition


---------------------
; Table of Contents ;
---------------------
  1. Legal Notice
  2. Flow Summary
  3. Flow Settings
  4. Flow Non-Default Global Settings
  5. Flow Elapsed Time
  6. Flow OS Summary
  7. Flow Log
  8. Flow Messages
  9. Flow Suppressed Messages



----------------
; Legal Notice ;
----------------
Copyright (C) 2023  Intel Corporation. All rights reserved.
Your use of Intel Corporation's design tools, logic functions 
and other software and tools, and any partner logic 
functions, and any output files from any of the foregoing 
(including device programming or simulation files), and any 
associated documentation or information are expressly subject 
to the terms and conditions of the Intel Program License 
Subscription Agreement, the Intel Quartus Prime License Agreement,
the Intel FPGA IP License Agreement, or other applicable license
agreement, including, without limitation, that your use is for
the sole purpose of programming logic devices manufactured by
Intel and sold by Intel or its authorized distributors.  Please
refer to the applicable agreement for further details, at
https://fpgasoftware.intel.com/eula.



+----------------------------------------------------------------------------------+
; Flow Summary                                                                     ;
+---------------------------------+------------------------------------------------+
; Flow Status                     ; Successful - Tue May  6 18:45:18 2025          ;
; Quartus Prime Version           ; 22.1std.2 Build 922 07/20/2023 SC Lite Edition ;
; Revision Name                   ; VGA                                            ;
; Top-level Entity Name           ; toplevel_connect4                              ;
; Family                          ; Cyclone V                                      ;
; Device                          ; 5CSXFC6D6F31C6                                 ;
; Timing Models                   ; Final                                          ;
; Logic utilization (in ALMs)     ; 1,127 / 41,910 ( 3 % )                         ;
; Total registers                 ; 378                                            ;
; Total pins                      ; 50 / 499 ( 10 % )                              ;
; Total virtual pins              ; 0                                              ;
; Total block memory bits         ; 0 / 5,662,720 ( 0 % )                          ;
; Total DSP Blocks                ; 8 / 112 ( 7 % )                                ;
; Total HSSI RX PCSs              ; 0 / 9 ( 0 % )                                  ;
; Total HSSI PMA RX Deserializers ; 0 / 9 ( 0 % )                                  ;
; Total HSSI TX PCSs              ; 0 / 9 ( 0 % )                                  ;
; Total HSSI PMA TX Serializers   ; 0 / 9 ( 0 % )                                  ;
; Total PLLs                      ; 0 / 15 ( 0 % )                                 ;
; Total DLLs                      ; 0 / 4 ( 0 % )                                  ;
+---------------------------------+------------------------------------------------+


+-----------------------------------------+
; Flow Settings                           ;
+-------------------+---------------------+
; Option            ; Setting             ;
+-------------------+---------------------+
; Start date & time ; 05/06/2025 18:42:34 ;
; Main task         ; Compilation         ;
; Revision Name     ; VGA                 ;
+-------------------+---------------------+


+-------------------------------------------------------------------------------------------------------------------------------------------------------+
; Flow Non-Default Global Settings                                                                                                                      ;
+--------------------------------------+----------------------------------------+---------------+-------------------+-----------------------------------+
; Assignment Name                      ; Value                                  ; Default Value ; Entity Name       ; Section Id                        ;
+--------------------------------------+----------------------------------------+---------------+-------------------+-----------------------------------+
; COMPILER_SIGNATURE_ID                ; 237785206607464.174657855402900        ; --            ; --                ; --                                ;
; EDA_DESIGN_INSTANCE_NAME             ; NA                                     ; --            ; --                ; tb_toplevel_connect4              ;
; EDA_GENERATE_FUNCTIONAL_NETLIST      ; Off                                    ; --            ; --                ; eda_board_design_timing           ;
; EDA_GENERATE_FUNCTIONAL_NETLIST      ; Off                                    ; --            ; --                ; eda_board_design_boundary_scan    ;
; EDA_GENERATE_FUNCTIONAL_NETLIST      ; Off                                    ; --            ; --                ; eda_board_design_signal_integrity ;
; EDA_GENERATE_FUNCTIONAL_NETLIST      ; Off                                    ; --            ; --                ; eda_board_design_symbol           ;
; EDA_NATIVELINK_SIMULATION_TEST_BENCH ; tb_toplevel_connect4                   ; --            ; --                ; eda_simulation                    ;
; EDA_OUTPUT_DATA_FORMAT               ; Systemverilog Hdl                      ; --            ; --                ; eda_simulation                    ;
; EDA_SIMULATION_TOOL                  ; ModelSim (SystemVerilog)               ; <None>        ; --                ; --                                ;
; EDA_TEST_BENCH_ENABLE_STATUS         ; TEST_BENCH_MODE                        ; --            ; --                ; eda_simulation                    ;
; EDA_TEST_BENCH_FILE                  ; tb_toplevel_connect4.sv                ; --            ; --                ; tb_toplevel_connect4              ;
; EDA_TEST_BENCH_MODULE_NAME           ; tb_toplevel_connect4                   ; --            ; --                ; tb_toplevel_connect4              ;
; EDA_TEST_BENCH_NAME                  ; tb_toplevel_connect4                   ; --            ; --                ; eda_simulation                    ;
; EDA_TIME_SCALE                       ; 1 ps                                   ; --            ; --                ; eda_simulation                    ;
; MAX_CORE_JUNCTION_TEMP               ; 85                                     ; --            ; --                ; --                                ;
; MIN_CORE_JUNCTION_TEMP               ; 0                                      ; --            ; --                ; --                                ;
; PARTITION_COLOR                      ; -- (Not supported for targeted family) ; --            ; toplevel_connect4 ; Top                               ;
; PARTITION_FITTER_PRESERVATION_LEVEL  ; -- (Not supported for targeted family) ; --            ; toplevel_connect4 ; Top                               ;
; PARTITION_NETLIST_TYPE               ; -- (Not supported for targeted family) ; --            ; toplevel_connect4 ; Top                               ;
; POWER_BOARD_THERMAL_MODEL            ; None (CONSERVATIVE)                    ; --            ; --                ; --                                ;
; POWER_PRESET_COOLING_SOLUTION        ; 23 MM HEAT SINK WITH 200 LFPM AIRFLOW  ; --            ; --                ; --                                ;
; PROJECT_OUTPUT_DIRECTORY             ; output_files                           ; --            ; --                ; --                                ;
; TOP_LEVEL_ENTITY                     ; toplevel_connect4                      ; VGA           ; --                ; --                                ;
; VERILOG_INPUT_VERSION                ; SystemVerilog_2005                     ; Verilog_2001  ; --                ; --                                ;
; VERILOG_SHOW_LMF_MAPPING_MESSAGES    ; Off                                    ; --            ; --                ; --                                ;
+--------------------------------------+----------------------------------------+---------------+-------------------+-----------------------------------+


+--------------------------------------------------------------------------------------------------------------------------+
; Flow Elapsed Time                                                                                                        ;
+----------------------+--------------+-------------------------+---------------------+------------------------------------+
; Module Name          ; Elapsed Time ; Average Processors Used ; Peak Virtual Memory ; Total CPU Time (on all processors) ;
+----------------------+--------------+-------------------------+---------------------+------------------------------------+
; Analysis & Synthesis ; 00:00:11     ; 1.0                     ; 4940 MB             ; 00:00:19                           ;
; Fitter               ; 00:02:19     ; 1.0                     ; 7993 MB             ; 00:14:54                           ;
; Assembler            ; 00:00:04     ; 1.0                     ; 5253 MB             ; 00:00:04                           ;
; Timing Analyzer      ; 00:00:05     ; 2.2                     ; 5451 MB             ; 00:00:07                           ;
; EDA Netlist Writer   ; 00:00:01     ; 1.0                     ; 4775 MB             ; 00:00:01                           ;
; Total                ; 00:02:40     ; --                      ; --                  ; 00:15:25                           ;
+----------------------+--------------+-------------------------+---------------------+------------------------------------+


+------------------------------------------------------------------------------------+
; Flow OS Summary                                                                    ;
+----------------------+------------------+------------+------------+----------------+
; Module Name          ; Machine Hostname ; OS Name    ; OS Version ; Processor type ;
+----------------------+------------------+------------+------------+----------------+
; Analysis & Synthesis ; Zikito           ; Windows 10 ; 10.0       ; x86_64         ;
; Fitter               ; Zikito           ; Windows 10 ; 10.0       ; x86_64         ;
; Assembler            ; Zikito           ; Windows 10 ; 10.0       ; x86_64         ;
; Timing Analyzer      ; Zikito           ; Windows 10 ; 10.0       ; x86_64         ;
; EDA Netlist Writer   ; Zikito           ; Windows 10 ; 10.0       ; x86_64         ;
+----------------------+------------------+------------+------------+----------------+


------------
; Flow Log ;
------------
quartus_map --read_settings_files=on --write_settings_files=off VGA -c VGA
quartus_fit --read_settings_files=off --write_settings_files=off VGA -c VGA
quartus_asm --read_settings_files=off --write_settings_files=off VGA -c VGA
quartus_sta VGA -c VGA
quartus_eda --read_settings_files=off --write_settings_files=off VGA -c VGA



